Î“Ă»â–“ Next.js 16.1.1 (Turbopack)
- Environments: .env.local, .env

  Creating an optimized production build ...
Î“ÂŁĂ´ Compiled successfully in 12.8s
  Running TypeScript ...
  Collecting page data using 19 workers ...
  Generating static pages using 19 workers (0/81) ...
  Generating static pages using 19 workers (20/81) 
The width(-1) and height(-1) of chart should be greater than 0,
       please check the style of container, or the props width(100%) and height(100%),
       or add a minWidth(0) or minHeight(undefined) or use aspect(undefined) to control the
       height and width.
The width(-1) and height(-1) of chart should be greater than 0,
       please check the style of container, or the props width(100%) and height(100%),
       or add a minWidth(0) or minHeight(undefined) or use aspect(undefined) to control the
       height and width.
  Generating static pages using 19 workers (40/81) 
  Generating static pages using 19 workers (60/81) 
Î“ÂŁĂ´ Generating static pages using 19 workers (81/81) in 2.3s
  Finalizing page optimization ...

Route (app)
Î“Ă¶Ă® Î“ĂąĂŻ /
Î“Ă¶ÂŁ Î“ĂąĂŻ /_not-found
Î“Ă¶ÂŁ Î“ĂąĂŻ /about
Î“Ă¶ÂŁ Î“ĂąĂŻ /agent/dashboard
Î“Ă¶ÂŁ Î“ĂąĂŻ /agent/dashboard/profile
Î“Ă¶ÂŁ Î“ĂąĂŻ /agent/dashboard/referrals
Î“Ă¶ÂŁ Î“ĂąĂŻ /agent/login
Î“Ă¶ÂŁ Î“ĂąĂŻ /agent/register
Î“Ă¶ÂŁ Î“ĂąĂŻ /contact-us
Î“Ă¶ÂŁ Î“ĂąĂŻ /corporate/dashboard
Î“Ă¶ÂŁ Î“ĂąĂŻ /corporate/dashboard/billing
Î“Ă¶ÂŁ Î“ĂąĂŻ /corporate/dashboard/bookings
Î“Ă¶ÂŁ Î“ĂąĂŻ /corporate/dashboard/employees
Î“Ă¶ÂŁ Î“ĂąĂŻ /corporate/dashboard/reports
Î“Ă¶ÂŁ Î“ĂąĂŻ /corporate/login
Î“Ă¶ÂŁ Î“ĂąĂŻ /corporate/register
Î“Ă¶ÂŁ Î“ĂąĂŻ /dashboard
Î“Ă¶ÂŁ Î“ĂąĂŻ /dashboard/agents
Î“Ă¶ÂŁ Î“ĂąĂŻ /dashboard/agents/create
Î“Ă¶ÂŁ Î“ĂąĂŻ /dashboard/analytics
Î“Ă¶ÂŁ Î“ĂąĂŻ /dashboard/attachments
Î“Ă¶ÂŁ â•žĂ† /dashboard/attachments/[id]/edit
Î“Ă¶ÂŁ Î“ĂąĂŻ /dashboard/attachments/create
Î“Ă¶ÂŁ Î“ĂąĂŻ /dashboard/audit-logs
Î“Ă¶ÂŁ Î“ĂąĂŻ /dashboard/billing
Î“Ă¶ÂŁ Î“ĂąĂŻ /dashboard/broadcast
Î“Ă¶ÂŁ Î“ĂąĂŻ /dashboard/city-codes
Î“Ă¶ÂŁ Î“ĂąĂŻ /dashboard/corporates
Î“Ă¶ÂŁ Î“ĂąĂŻ /dashboard/corporates/create
Î“Ă¶ÂŁ Î“ĂąĂŻ /dashboard/coupons
Î“Ă¶ÂŁ Î“ĂąĂŻ /dashboard/fraud-alerts
Î“Ă¶ÂŁ Î“ĂąĂŻ /dashboard/notifications
Î“Ă¶ÂŁ Î“ĂąĂŻ /dashboard/partners
Î“Ă¶ÂŁ â•žĂ† /dashboard/partners/[id]/edit
Î“Ă¶ÂŁ â•žĂ† /dashboard/partners/[id]/view
Î“Ă¶ÂŁ Î“ĂąĂŻ /dashboard/partners/create
Î“Ă¶ÂŁ Î“ĂąĂŻ /dashboard/partners/locations
Î“Ă¶ÂŁ Î“ĂąĂŻ /dashboard/permissions
Î“Ă¶ÂŁ Î“ĂąĂŻ /dashboard/pricing
Î“Ă¶ÂŁ Î“ĂąĂŻ /dashboard/riders
Î“Ă¶ÂŁ â•žĂ† /dashboard/riders/[id]
Î“Ă¶ÂŁ Î“ĂąĂŻ /dashboard/rides
Î“Ă¶ÂŁ â•žĂ† /dashboard/rides/[id]
Î“Ă¶ÂŁ Î“ĂąĂŻ /dashboard/rides/create
Î“Ă¶ÂŁ Î“ĂąĂŻ /dashboard/rides/scheduled
Î“Ă¶ÂŁ Î“ĂąĂŻ /dashboard/settings
Î“Ă¶ÂŁ Î“ĂąĂŻ /dashboard/settlements
Î“Ă¶ÂŁ Î“ĂąĂŻ /dashboard/support-tickets
Î“Ă¶ÂŁ â•žĂ† /dashboard/support-tickets/[id]
Î“Ă¶ÂŁ Î“ĂąĂŻ /dashboard/user
Î“Ă¶ÂŁ Î“ĂąĂŻ /dashboard/user/book
Î“Ă¶ÂŁ Î“ĂąĂŻ /dashboard/user/history
Î“Ă¶ÂŁ Î“ĂąĂŻ /dashboard/user/profile
Î“Ă¶ÂŁ Î“ĂąĂŻ /dashboard/users
Î“Ă¶ÂŁ â•žĂ† /dashboard/users/[id]
Î“Ă¶ÂŁ Î“ĂąĂŻ /dashboard/users/create
Î“Ă¶ÂŁ Î“ĂąĂŻ /dashboard/vehicle-types
Î“Ă¶ÂŁ Î“ĂąĂŻ /dashboard/vehicles
Î“Ă¶ÂŁ â•žĂ† /dashboard/vehicles/[id]/edit
Î“Ă¶ÂŁ Î“ĂąĂŻ /dashboard/vehicles/create
Î“Ă¶ÂŁ Î“ĂąĂŻ /dashboard/vendors
Î“Ă¶ÂŁ â•žĂ† /dashboard/vendors/[id]/edit
Î“Ă¶ÂŁ Î“ĂąĂŻ /dashboard/vendors/create
Î“Ă¶ÂŁ Î“ĂąĂŻ /icon.png
Î“Ă¶ÂŁ Î“ĂąĂŻ /login
Î“Ă¶ÂŁ Î“ĂąĂŻ /partner/dashboard
Î“Ă¶ÂŁ Î“ĂąĂŻ /partner/dashboard/documents
Î“Ă¶ÂŁ Î“ĂąĂŻ /partner/dashboard/earnings
Î“Ă¶ÂŁ Î“ĂąĂŻ /partner/dashboard/feedback
Î“Ă¶ÂŁ Î“ĂąĂŻ /partner/dashboard/inbox
Î“Ă¶ÂŁ Î“ĂąĂŻ /partner/dashboard/profile
Î“Ă¶ÂŁ Î“ĂąĂŻ /partner/dashboard/rides
Î“Ă¶ÂŁ Î“ĂąĂŻ /partner/dashboard/vehicle
Î“Ă¶ÂŁ Î“ĂąĂŻ /partner/login
Î“Ă¶ÂŁ Î“ĂąĂŻ /partner/register
Î“Ă¶ÂŁ Î“ĂąĂŻ /register
Î“Ă¶ÂŁ Î“ĂąĂŻ /services
Î“Ă¶ÂŁ Î“ĂąĂŻ /user/login
Î“Ă¶ÂŁ Î“ĂąĂŻ /user/register
Î“Ă¶ÂŁ Î“ĂąĂŻ /vendor/dashboard
Î“Ă¶ÂŁ Î“ĂąĂŻ /vendor/dashboard/documents
Î“Ă¶ÂŁ Î“ĂąĂŻ /vendor/dashboard/drivers
Î“Ă¶ÂŁ Î“ĂąĂŻ /vendor/dashboard/earnings
Î“Ă¶ÂŁ Î“ĂąĂŻ /vendor/dashboard/fleet
Î“Ă¶ÂŁ Î“ĂąĂŻ /vendor/dashboard/rides
Î“Ă¶ÂŁ Î“ĂąĂŻ /vendor/dashboard/settings
Î“Ă¶ÂŁ Î“ĂąĂŻ /vendor/dashboard/support
Î“Ă¶ÂŁ Î“ĂąĂŻ /vendor/login
Î“Ă¶Ă¶ Î“ĂąĂŻ /vendor/register


Î“ĂąĂŻ  (Static)   prerendered as static content
â•žĂ†  (Dynamic)  server-rendered on demand

